<?xml version="1.0" encoding="UTF-8"?>
<!-- Generated by org.testng.reporters.JUnitReportReporter -->
<testsuite hostname="OVAL-L124" name="com.TestExecution.TestRunner" tests="2" failures="0" timestamp="8 Jun 2019 06:03:54 GMT" time="13.168" errors="0">
  <testcase name="ApplyLeave" time="4.221" classname="com.TestExecution.TestRunner"/>
  <testcase name="StartExecution" time="8.947" classname="com.TestExecution.TestRunner"/>
</testsuite> <!-- com.TestExecution.TestRunner -->
